[INFO  - 2013-11-25T13:01:27.148Z] GhostDriver - Main - running on port 31708
[INFO  - 2013-11-25T13:01:27.336Z] Session [b1f2ebe0-55d1-11e3-b6a3-9d4abf6a324a] - CONSTRUCTOR - Desired Capabilities: {"browserName":"phantomjs","phantomjs":{"cli":{"args":["web-security=false"]}}}
[INFO  - 2013-11-25T13:01:27.337Z] Session [b1f2ebe0-55d1-11e3-b6a3-9d4abf6a324a] - CONSTRUCTOR - Negotiated Capabilities: {"browserName":"phantomjs","version":"1.9.1","driverName":"ghostdriver","driverVersion":"1.0.3","platform":"mac-unknown-32bit","javascriptEnabled":true,"takesScreenshot":true,"handlesAlerts":false,"databaseEnabled":false,"locationContextEnabled":false,"applicationCacheEnabled":false,"browserConnectionEnabled":false,"cssSelectorsEnabled":true,"webStorageEnabled":false,"rotatable":false,"acceptSslCerts":false,"nativeEvents":true,"proxy":{"proxyType":"direct"}}
[INFO  - 2013-11-25T13:01:27.337Z] SessionManagerReqHand - _postNewSessionCommand - New Session Created: b1f2ebe0-55d1-11e3-b6a3-9d4abf6a324a
[INFO  - 2013-11-25T13:01:37.704Z] ShutdownReqHand - _handle - About to shutdown
[INFO  - 2013-11-25T13:02:23.527Z] GhostDriver - Main - running on port 24947
[INFO  - 2013-11-25T13:02:24.074Z] Session [d3c51040-55d1-11e3-89d4-5b53589b5214] - CONSTRUCTOR - Desired Capabilities: {"browserName":"phantomjs","phantomjs":{"cli":{"args":["web-security=false"]}}}
[INFO  - 2013-11-25T13:02:24.074Z] Session [d3c51040-55d1-11e3-89d4-5b53589b5214] - CONSTRUCTOR - Negotiated Capabilities: {"browserName":"phantomjs","version":"1.9.1","driverName":"ghostdriver","driverVersion":"1.0.3","platform":"mac-unknown-32bit","javascriptEnabled":true,"takesScreenshot":true,"handlesAlerts":false,"databaseEnabled":false,"locationContextEnabled":false,"applicationCacheEnabled":false,"browserConnectionEnabled":false,"cssSelectorsEnabled":true,"webStorageEnabled":false,"rotatable":false,"acceptSslCerts":false,"nativeEvents":true,"proxy":{"proxyType":"direct"}}
[INFO  - 2013-11-25T13:02:24.074Z] SessionManagerReqHand - _postNewSessionCommand - New Session Created: d3c51040-55d1-11e3-89d4-5b53589b5214
[INFO  - 2013-11-25T13:02:34.425Z] ShutdownReqHand - _handle - About to shutdown
[INFO  - 2013-11-25T13:05:21.120Z] GhostDriver - Main - running on port 35210
[INFO  - 2013-11-25T13:05:21.441Z] Session [3d7d45c0-55d2-11e3-bc0d-d7fc943316fe] - CONSTRUCTOR - Desired Capabilities: {"browserName":"phantomjs","phantomjs":{"cli":{"args":["web-security=false"]}}}
[INFO  - 2013-11-25T13:05:21.442Z] Session [3d7d45c0-55d2-11e3-bc0d-d7fc943316fe] - CONSTRUCTOR - Negotiated Capabilities: {"browserName":"phantomjs","version":"1.9.1","driverName":"ghostdriver","driverVersion":"1.0.3","platform":"mac-unknown-32bit","javascriptEnabled":true,"takesScreenshot":true,"handlesAlerts":false,"databaseEnabled":false,"locationContextEnabled":false,"applicationCacheEnabled":false,"browserConnectionEnabled":false,"cssSelectorsEnabled":true,"webStorageEnabled":false,"rotatable":false,"acceptSslCerts":false,"nativeEvents":true,"proxy":{"proxyType":"direct"}}
[INFO  - 2013-11-25T13:05:21.442Z] SessionManagerReqHand - _postNewSessionCommand - New Session Created: 3d7d45c0-55d2-11e3-bc0d-d7fc943316fe
[INFO  - 2013-11-25T13:05:31.797Z] ShutdownReqHand - _handle - About to shutdown
[INFO  - 2013-11-25T13:07:09.739Z] GhostDriver - Main - running on port 42964
[INFO  - 2013-11-25T13:07:10.085Z] Session [7e3f0800-55d2-11e3-a81d-b712d390efe4] - CONSTRUCTOR - Desired Capabilities: {"browserName":"phantomjs","phantomjs":{"cli":{"args":["web-security=false"]}}}
[INFO  - 2013-11-25T13:07:10.085Z] Session [7e3f0800-55d2-11e3-a81d-b712d390efe4] - CONSTRUCTOR - Negotiated Capabilities: {"browserName":"phantomjs","version":"1.9.1","driverName":"ghostdriver","driverVersion":"1.0.3","platform":"mac-unknown-32bit","javascriptEnabled":true,"takesScreenshot":true,"handlesAlerts":false,"databaseEnabled":false,"locationContextEnabled":false,"applicationCacheEnabled":false,"browserConnectionEnabled":false,"cssSelectorsEnabled":true,"webStorageEnabled":false,"rotatable":false,"acceptSslCerts":false,"nativeEvents":true,"proxy":{"proxyType":"direct"}}
[INFO  - 2013-11-25T13:07:10.085Z] SessionManagerReqHand - _postNewSessionCommand - New Session Created: 7e3f0800-55d2-11e3-a81d-b712d390efe4
[INFO  - 2013-11-25T13:07:11.927Z] ShutdownReqHand - _handle - About to shutdown
[INFO  - 2013-11-25T13:07:51.539Z] GhostDriver - Main - running on port 21915
[INFO  - 2013-11-25T13:07:51.869Z] Session [9726c380-55d2-11e3-b9ed-b915d8e8b20a] - CONSTRUCTOR - Desired Capabilities: {"browserName":"phantomjs","phantomjs":{"cli":{"args":["web-security=false"]}}}
[INFO  - 2013-11-25T13:07:51.869Z] Session [9726c380-55d2-11e3-b9ed-b915d8e8b20a] - CONSTRUCTOR - Negotiated Capabilities: {"browserName":"phantomjs","version":"1.9.1","driverName":"ghostdriver","driverVersion":"1.0.3","platform":"mac-unknown-32bit","javascriptEnabled":true,"takesScreenshot":true,"handlesAlerts":false,"databaseEnabled":false,"locationContextEnabled":false,"applicationCacheEnabled":false,"browserConnectionEnabled":false,"cssSelectorsEnabled":true,"webStorageEnabled":false,"rotatable":false,"acceptSslCerts":false,"nativeEvents":true,"proxy":{"proxyType":"direct"}}
[INFO  - 2013-11-25T13:07:51.870Z] SessionManagerReqHand - _postNewSessionCommand - New Session Created: 9726c380-55d2-11e3-b9ed-b915d8e8b20a
[INFO  - 2013-11-25T13:07:53.657Z] ShutdownReqHand - _handle - About to shutdown
